0 info it worked if it ends with ok
1 verbose cli [ 'node', '/usr/local/bin/npm', 'install', 'apache' ]
2 info using npm@1.4.9
3 info using node@v0.10.28
4 verbose cache add [ 'apache', null ]
5 verbose cache add name=undefined spec="apache" args=["apache",null]
6 verbose parsed url { protocol: null,
6 verbose parsed url   slashes: null,
6 verbose parsed url   auth: null,
6 verbose parsed url   host: null,
6 verbose parsed url   port: null,
6 verbose parsed url   hostname: null,
6 verbose parsed url   hash: null,
6 verbose parsed url   search: null,
6 verbose parsed url   query: null,
6 verbose parsed url   pathname: 'apache',
6 verbose parsed url   path: 'apache',
6 verbose parsed url   href: 'apache' }
7 silly lockFile 62eb0db1-apache apache
8 verbose lock apache /Users/stefaniealfonso/.npm/62eb0db1-apache.lock
9 silly lockFile 62eb0db1-apache apache
10 silly lockFile 62eb0db1-apache apache
11 verbose addNamed [ 'apache', '' ]
12 verbose addNamed [ null, '*' ]
13 silly lockFile 1f95a60f-apache apache@
14 verbose lock apache@ /Users/stefaniealfonso/.npm/1f95a60f-apache.lock
15 silly addNameRange { name: 'apache', range: '*', hasData: false }
16 verbose url raw apache
17 verbose url resolving [ 'https://registry.npmjs.org/', './apache' ]
18 verbose url resolved https://registry.npmjs.org/apache
19 info trying registry request attempt 1 at 15:27:20
20 http GET https://registry.npmjs.org/apache
21 http 404 https://registry.npmjs.org/apache
22 verbose headers { date: 'Thu, 17 Jul 2014 19:27:24 GMT',
22 verbose headers   server: 'CouchDB/1.5.0 (Erlang OTP/R14B04)',
22 verbose headers   'content-type': 'application/json',
22 verbose headers   'cache-control': 'max-age=0',
22 verbose headers   'content-length': '52',
22 verbose headers   'accept-ranges': 'bytes',
22 verbose headers   via: '1.1 varnish',
22 verbose headers   age: '0',
22 verbose headers   'x-served-by': 'cache-at105-ATL',
22 verbose headers   'x-cache': 'MISS',
22 verbose headers   'x-cache-hits': '0',
22 verbose headers   'x-timer': 'S1405625244.874253,VS0,VE29',
22 verbose headers   'keep-alive': 'timeout=10, max=50',
22 verbose headers   connection: 'Keep-Alive' }
23 silly registry.get cb [ 404,
23 silly registry.get   { date: 'Thu, 17 Jul 2014 19:27:24 GMT',
23 silly registry.get     server: 'CouchDB/1.5.0 (Erlang OTP/R14B04)',
23 silly registry.get     'content-type': 'application/json',
23 silly registry.get     'cache-control': 'max-age=0',
23 silly registry.get     'content-length': '52',
23 silly registry.get     'accept-ranges': 'bytes',
23 silly registry.get     via: '1.1 varnish',
23 silly registry.get     age: '0',
23 silly registry.get     'x-served-by': 'cache-at105-ATL',
23 silly registry.get     'x-cache': 'MISS',
23 silly registry.get     'x-cache-hits': '0',
23 silly registry.get     'x-timer': 'S1405625244.874253,VS0,VE29',
23 silly registry.get     'keep-alive': 'timeout=10, max=50',
23 silly registry.get     connection: 'Keep-Alive' } ]
24 silly lockFile 1f95a60f-apache apache@
25 silly lockFile 1f95a60f-apache apache@
26 error 404 404 Not Found: apache
26 error 404
26 error 404 'apache' is not in the npm registry.
26 error 404 You should bug the author to publish it
26 error 404
26 error 404 Note that you can also install from a
26 error 404 tarball, folder, or http url, or git url.
27 error System Darwin 13.1.0
28 error command "node" "/usr/local/bin/npm" "install" "apache"
29 error cwd /Users/stefaniealfonso/Documents/JavaVisualize
30 error node -v v0.10.28
31 error npm -v 1.4.9
32 error code E404
33 verbose exit [ 1, true ]
